Performing C++ SOURCE FILE Test CMAKE_HAVE_LIBC_PTHREAD failed with the following output:
Change Dir: /home/ace/文档/acelog/code4log/build/CMakeFiles/CMakeTmp

Run Build Command(s):/usr/bin/make cmTC_1005b/fast && /usr/bin/make -f CMakeFiles/cmTC_1005b.dir/build.make CMakeFiles/cmTC_1005b.dir/build
make[1]: 进入目录“/home/ace/文档/acelog/code4log/build/CMakeFiles/CMakeTmp”
Building CXX object CMakeFiles/cmTC_1005b.dir/src.cxx.o
/usr/bin/c++    -DCMAKE_HAVE_LIBC_PTHREAD   -o CMakeFiles/cmTC_1005b.dir/src.cxx.o -c /home/ace/文档/acelog/code4log/build/CMakeFiles/CMakeTmp/src.cxx
Linking CXX executable cmTC_1005b
/usr/bin/cmake -E cmake_link_script CMakeFiles/cmTC_1005b.dir/link.txt --verbose=1
/usr/bin/c++   -DCMAKE_HAVE_LIBC_PTHREAD    -rdynamic CMakeFiles/cmTC_1005b.dir/src.cxx.o  -o cmTC_1005b 
/usr/bin/ld: CMakeFiles/cmTC_1005b.dir/src.cxx.o: in function `main':
src.cxx:(.text+0x46): undefined reference to `pthread_create'
/usr/bin/ld: src.cxx:(.text+0x52): undefined reference to `pthread_detach'
/usr/bin/ld: src.cxx:(.text+0x63): undefined reference to `pthread_join'
collect2: error: ld returned 1 exit status
make[1]: *** [CMakeFiles/cmTC_1005b.dir/build.make:87：cmTC_1005b] 错误 1
make[1]: 离开目录“/home/ace/文档/acelog/code4log/build/CMakeFiles/CMakeTmp”
make: *** [Makefile:121：cmTC_1005b/fast] 错误 2


Source file was:
#include <pthread.h>

void* test_func(void* data)
{
  return data;
}

int main(void)
{
  pthread_t thread;
  pthread_create(&thread, NULL, test_func, NULL);
  pthread_detach(thread);
  pthread_join(thread, NULL);
  pthread_atfork(NULL, NULL, NULL);
  pthread_exit(NULL);

  return 0;
}

Determining if the function pthread_create exists in the pthreads failed with the following output:
Change Dir: /home/ace/文档/acelog/code4log/build/CMakeFiles/CMakeTmp

Run Build Command(s):/usr/bin/make cmTC_f39bb/fast && /usr/bin/make -f CMakeFiles/cmTC_f39bb.dir/build.make CMakeFiles/cmTC_f39bb.dir/build
make[1]: 进入目录“/home/ace/文档/acelog/code4log/build/CMakeFiles/CMakeTmp”
Building CXX object CMakeFiles/cmTC_f39bb.dir/CheckFunctionExists.cxx.o
/usr/bin/c++    -DCHECK_FUNCTION_EXISTS=pthread_create   -o CMakeFiles/cmTC_f39bb.dir/CheckFunctionExists.cxx.o -c /home/ace/文档/acelog/code4log/build/CMakeFiles/CheckLibraryExists/CheckFunctionExists.cxx
Linking CXX executable cmTC_f39bb
/usr/bin/cmake -E cmake_link_script CMakeFiles/cmTC_f39bb.dir/link.txt --verbose=1
/usr/bin/c++   -DCHECK_FUNCTION_EXISTS=pthread_create    -rdynamic CMakeFiles/cmTC_f39bb.dir/CheckFunctionExists.cxx.o  -o cmTC_f39bb  -lpthreads 
/usr/bin/ld: 找不到 -lpthreads
collect2: error: ld returned 1 exit status
make[1]: *** [CMakeFiles/cmTC_f39bb.dir/build.make:87：cmTC_f39bb] 错误 1
make[1]: 离开目录“/home/ace/文档/acelog/code4log/build/CMakeFiles/CMakeTmp”
make: *** [Makefile:121：cmTC_f39bb/fast] 错误 2



